<?xml version="1.0" encoding="UTF-8"?>
<testng-results ignored="0" total="1" passed="1" failed="0" skipped="0">
  <reporter-output>
  </reporter-output>
  <suite started-at="2023-11-09T19:29:57 IST" name="Default suite" finished-at="2023-11-09T19:31:36 IST" duration-ms="99068">
    <groups>
    </groups>
    <test started-at="2023-11-09T19:29:57 IST" name="Default test" finished-at="2023-11-09T19:31:36 IST" duration-ms="99068">
      <class name="fpa.test.forecast">
        <test-method is-config="true" signature="launchapplication()[pri:0, instance:fpa.test.forecast@51c668e3]" started-at="2023-11-09T19:29:57 IST" name="launchapplication" finished-at="2023-11-09T19:30:02 IST" duration-ms="4081" status="PASS">
          <reporter-output>
          </reporter-output>
        </test-method> <!-- launchapplication -->
        <test-method signature="forecastflow()[pri:0, instance:fpa.test.forecast@51c668e3]" started-at="2023-11-09T19:30:02 IST" name="forecastflow" finished-at="2023-11-09T19:31:36 IST" duration-ms="94805" status="PASS">
          <reporter-output>
          </reporter-output>
        </test-method> <!-- forecastflow -->
        <test-method is-config="true" signature="tearDown()[pri:0, instance:fpa.test.forecast@51c668e3]" started-at="2023-11-09T19:31:36 IST" name="tearDown" finished-at="2023-11-09T19:31:36 IST" duration-ms="143" status="PASS">
          <reporter-output>
          </reporter-output>
        </test-method> <!-- tearDown -->
      </class> <!-- fpa.test.forecast -->
    </test> <!-- Default test -->
  </suite> <!-- Default suite -->
</testng-results>
