<?xml version="1.0" encoding="UTF-8"?>
<testng-results ignored="0" total="3" passed="3" failed="0" skipped="0">
  <reporter-output>
  </reporter-output>
  <suite started-at="2024-01-14T14:27:21 IST" name="Default suite" finished-at="2024-01-14T14:27:57 IST" duration-ms="35608">
    <groups>
    </groups>
    <test started-at="2024-01-14T14:27:21 IST" name="Default test" finished-at="2024-01-14T14:27:57 IST" duration-ms="35608">
      <class name="fpa.test.companyTestCase">
        <test-method is-config="true" signature="launchapplication()[pri:0, instance:fpa.test.companyTestCase@3646a422]" started-at="2024-01-14T14:27:21 IST" name="launchapplication" finished-at="2024-01-14T14:27:29 IST" duration-ms="7695" status="PASS">
          <reporter-output>
          </reporter-output>
        </test-method> <!-- launchapplication -->
        <test-method signature="addCompanyTest()[pri:0, instance:fpa.test.companyTestCase@3646a422]" started-at="2024-01-14T14:27:29 IST" name="addCompanyTest" finished-at="2024-01-14T14:27:39 IST" duration-ms="9836" status="PASS">
          <reporter-output>
          </reporter-output>
        </test-method> <!-- addCompanyTest -->
        <test-method signature="readCompanyTest()[pri:1, instance:fpa.test.companyTestCase@3646a422]" started-at="2024-01-14T14:27:39 IST" name="readCompanyTest" finished-at="2024-01-14T14:27:51 IST" duration-ms="12276" status="PASS">
          <reporter-output>
          </reporter-output>
        </test-method> <!-- readCompanyTest -->
        <test-method signature="editCompanyTest()[pri:2, instance:fpa.test.companyTestCase@3646a422]" started-at="2024-01-14T14:27:51 IST" name="editCompanyTest" finished-at="2024-01-14T14:27:56 IST" depends-on-methods="fpa.test.companyTestCase.readCompanyTest" duration-ms="5470" status="PASS">
          <reporter-output>
          </reporter-output>
        </test-method> <!-- editCompanyTest -->
        <test-method is-config="true" signature="tearDown()[pri:0, instance:fpa.test.companyTestCase@3646a422]" started-at="2024-01-14T14:27:56 IST" name="tearDown" finished-at="2024-01-14T14:27:57 IST" duration-ms="271" status="PASS">
          <reporter-output>
          </reporter-output>
        </test-method> <!-- tearDown -->
      </class> <!-- fpa.test.companyTestCase -->
    </test> <!-- Default test -->
  </suite> <!-- Default suite -->
</testng-results>
